{"name":"C","hostname":"Josephine-XPS15","pid":7280,"level":30,"msg":"Server started","time":"2015-12-10T15:50:20.278Z","v":0}
{"name":"C","hostname":"Josephine-XPS15","pid":6936,"level":30,"msg":"Server started","time":"2015-12-10T15:53:30.572Z","v":0}
{"name":"C","hostname":"Josephine-XPS15","pid":13692,"level":30,"msg":"Server started","time":"2015-12-10T15:59:14.252Z","v":0}
{"name":"C","hostname":"Josephine-XPS15","pid":7348,"level":30,"msg":"Server started","time":"2015-12-10T16:00:48.942Z","v":0}
{"name":"C","hostname":"Josephine-XPS15","pid":6284,"level":30,"msg":"Server started","time":"2015-12-10T16:40:03.730Z","v":0}
{"name":"C","hostname":"Josephine-XPS15","pid":15848,"level":30,"msg":"Server started","time":"2015-12-10T16:41:32.113Z","v":0}
{"name":"C","hostname":"Josephine-XPS15","pid":2024,"level":30,"msg":"Server started","time":"2015-12-10T16:43:13.672Z","v":0}
{"name":"C","hostname":"Josephine-XPS15","pid":16584,"level":30,"msg":"Server started","time":"2015-12-10T16:43:33.070Z","v":0}
{"name":"C","hostname":"Josephine-XPS15","pid":11880,"level":30,"msg":"Server started","time":"2015-12-11T16:14:57.089Z","v":0}
{"name":"C","hostname":"Josephine-XPS15","pid":12756,"level":30,"msg":"Server started","time":"2015-12-11T16:15:44.287Z","v":0}
{"name":"C","hostname":"Josephine-XPS15","pid":980,"level":30,"msg":"Server started","time":"2015-12-11T16:21:52.459Z","v":0}
{"name":"C","hostname":"Josephine-XPS15","pid":1808,"level":30,"msg":"Server started","time":"2015-12-11T16:46:10.828Z","v":0}
{"name":"C","hostname":"Josephine-XPS15","pid":11160,"level":30,"msg":"Server started","time":"2015-12-11T16:47:49.901Z","v":0}
{"name":"C","hostname":"Josephine-XPS15","pid":13412,"level":30,"msg":"Server started","time":"2015-12-11T16:48:07.578Z","v":0}
{"name":"C","hostname":"Josephine-XPS15","pid":17568,"level":30,"msg":"Server started","time":"2015-12-11T16:48:43.805Z","v":0}
{"name":"C","hostname":"Josephine-XPS15","pid":16292,"level":30,"msg":"Server started","time":"2015-12-11T16:50:21.068Z","v":0}
{"name":"C","hostname":"Josephine-XPS15","pid":15568,"level":30,"msg":"Server started","time":"2015-12-11T16:51:34.954Z","v":0}
{"name":"C","hostname":"Josephine-XPS15","pid":1092,"level":30,"msg":"Server started","time":"2015-12-11T16:52:38.341Z","v":0}
{"name":"C","hostname":"Josephine-XPS15","pid":15592,"level":30,"msg":"Server started","time":"2015-12-11T16:53:39.169Z","v":0}
{"name":"C","hostname":"Josephine-XPS15","pid":16352,"level":30,"msg":"Server started","time":"2015-12-14T10:04:34.255Z","v":0}
{"name":"C","hostname":"Josephine-XPS15","pid":4624,"level":30,"msg":"Server started","time":"2015-12-14T10:06:39.379Z","v":0}
{"name":"C","hostname":"Josephine-XPS15","pid":15456,"level":30,"msg":"Server started","time":"2015-12-14T10:14:07.933Z","v":0}
{"name":"C","hostname":"Josephine-XPS15","pid":15456,"level":30,"msg":"user 3 edited by undefined","time":"2015-12-14T10:14:37.461Z","v":0}
{"name":"C","hostname":"Josephine-XPS15","pid":12460,"level":30,"msg":"Server started","time":"2015-12-14T10:15:56.239Z","v":0}
{"name":"C","hostname":"Josephine-XPS15","pid":17616,"level":30,"msg":"Server started","time":"2015-12-14T10:17:55.077Z","v":0}
{"name":"C","hostname":"Josephine-XPS15","pid":17616,"level":30,"msg":"user created by system","time":"2015-12-14T10:18:01.340Z","v":0}
{"name":"C","hostname":"Josephine-XPS15","pid":17616,"level":30,"msg":"user 4 edited by 4","time":"2015-12-14T10:18:30.033Z","v":0}
{"name":"C","hostname":"Josephine-XPS15","pid":4180,"level":30,"msg":"Server started","time":"2015-12-14T10:18:36.725Z","v":0}
{"name":"C","hostname":"Josephine-XPS15","pid":7324,"level":30,"msg":"Server started","time":"2015-12-14T10:21:19.631Z","v":0}
{"name":"C","hostname":"Josephine-XPS15","pid":18808,"level":30,"msg":"Server started","time":"2015-12-14T10:21:55.429Z","v":0}
{"name":"C","hostname":"Josephine-XPS15","pid":18808,"level":30,"msg":"user created by system","time":"2015-12-14T10:22:19.761Z","v":0}
{"name":"C","hostname":"Josephine-XPS15","pid":12488,"level":30,"msg":"Server started","time":"2015-12-14T10:22:59.410Z","v":0}
{"name":"C","hostname":"Josephine-XPS15","pid":14696,"level":30,"msg":"Server started","time":"2015-12-14T10:36:50.436Z","v":0}
{"name":"C","hostname":"Josephine-XPS15","pid":17204,"level":30,"msg":"Server started","time":"2015-12-14T10:39:40.267Z","v":0}
{"name":"C","hostname":"Josephine-XPS15","pid":19108,"level":30,"msg":"Server started","time":"2015-12-14T10:40:55.032Z","v":0}
{"name":"C","hostname":"Josephine-XPS15","pid":13388,"level":30,"msg":"Server started","time":"2015-12-14T10:41:25.862Z","v":0}
{"name":"C","hostname":"Josephine-XPS15","pid":2004,"level":30,"msg":"Server started","time":"2015-12-14T10:42:22.274Z","v":0}
{"name":"C","hostname":"Josephine-XPS15","pid":9804,"level":30,"msg":"Server started","time":"2015-12-14T10:42:27.731Z","v":0}
{"name":"C","hostname":"Josephine-XPS15","pid":19160,"level":30,"msg":"Server started","time":"2015-12-14T10:45:12.812Z","v":0}
{"name":"C","hostname":"Josephine-XPS15","pid":11396,"level":30,"msg":"Server started","time":"2015-12-14T10:53:59.012Z","v":0}
{"name":"C","hostname":"Josephine-XPS15","pid":7984,"level":30,"msg":"Server started","time":"2015-12-14T11:00:25.651Z","v":0}
{"name":"C","hostname":"Josephine-XPS15","pid":11548,"level":30,"msg":"Server started","time":"2015-12-14T11:01:54.547Z","v":0}
{"name":"C","hostname":"Josephine-XPS15","pid":14036,"level":30,"msg":"Server started","time":"2015-12-14T11:02:34.834Z","v":0}
{"name":"C","hostname":"Josephine-XPS15","pid":10544,"level":30,"msg":"Server started","time":"2015-12-14T11:03:12.931Z","v":0}
{"name":"C","hostname":"Josephine-XPS15","pid":12492,"level":30,"msg":"Server started","time":"2015-12-14T11:17:07.837Z","v":0}
{"name":"C","hostname":"Josephine-XPS15","pid":1168,"level":30,"msg":"Server started","time":"2015-12-14T11:17:17.412Z","v":0}
{"name":"C","hostname":"Josephine-XPS15","pid":12768,"level":30,"msg":"Server started","time":"2015-12-14T11:18:29.114Z","v":0}
{"name":"C","hostname":"Josephine-XPS15","pid":5268,"level":30,"msg":"Server started","time":"2015-12-14T11:23:46.299Z","v":0}
{"name":"C","hostname":"Josephine-XPS15","pid":9708,"level":30,"msg":"Server started","time":"2015-12-14T11:24:17.128Z","v":0}
{"name":"C","hostname":"Josephine-XPS15","pid":4844,"level":30,"msg":"Server started","time":"2015-12-14T11:24:50.823Z","v":0}
{"name":"C","hostname":"Josephine-XPS15","pid":7320,"level":30,"msg":"Server started","time":"2015-12-14T11:25:18.315Z","v":0}
{"name":"C","hostname":"Josephine-XPS15","pid":19356,"level":30,"msg":"Server started","time":"2015-12-14T11:26:09.721Z","v":0}
{"name":"C","hostname":"Josephine-XPS15","pid":12636,"level":30,"msg":"Server started","time":"2015-12-14T11:27:17.170Z","v":0}
{"name":"C","hostname":"Josephine-XPS15","pid":16028,"level":30,"msg":"Server started","time":"2015-12-14T11:27:23.280Z","v":0}
{"name":"C","hostname":"Josephine-XPS15","pid":16080,"level":30,"msg":"Server started","time":"2015-12-14T11:29:46.052Z","v":0}
{"name":"C","hostname":"Josephine-XPS15","pid":13104,"level":30,"msg":"Server started","time":"2015-12-14T11:30:31.141Z","v":0}
{"name":"C","hostname":"Josephine-XPS15","pid":11288,"level":30,"msg":"Server started","time":"2015-12-14T11:31:54.469Z","v":0}
{"name":"C","hostname":"Josephine-XPS15","pid":13072,"level":30,"msg":"Server started","time":"2015-12-14T11:32:28.161Z","v":0}
{"name":"C","hostname":"Josephine-XPS15","pid":15440,"level":30,"msg":"Server started","time":"2015-12-14T11:33:13.050Z","v":0}
{"name":"C","hostname":"Josephine-XPS15","pid":17940,"level":30,"msg":"Server started","time":"2015-12-14T11:33:17.789Z","v":0}
{"name":"C","hostname":"Josephine-XPS15","pid":11820,"level":30,"msg":"Server started","time":"2015-12-14T11:37:14.118Z","v":0}
{"name":"C","hostname":"Josephine-XPS15","pid":8712,"level":30,"msg":"Server started","time":"2015-12-14T11:37:44.160Z","v":0}
{"name":"C","hostname":"Josephine-XPS15","pid":5388,"level":30,"msg":"Server started","time":"2015-12-14T11:39:19.407Z","v":0}
{"name":"C","hostname":"Josephine-XPS15","pid":11676,"level":30,"msg":"Server started","time":"2015-12-14T11:50:53.848Z","v":0}
{"name":"C","hostname":"Josephine-XPS15","pid":15060,"level":30,"msg":"Server started","time":"2015-12-14T11:56:12.672Z","v":0}
{"name":"C","hostname":"Josephine-XPS15","pid":5968,"level":30,"msg":"Server started","time":"2015-12-14T11:56:36.514Z","v":0}
{"name":"C","hostname":"Josephine-XPS15","pid":5632,"level":30,"msg":"Server started","time":"2015-12-14T12:10:50.700Z","v":0}
{"name":"C","hostname":"Josephine-XPS15","pid":11144,"level":30,"msg":"Server started","time":"2015-12-14T12:12:48.346Z","v":0}
{"name":"C","hostname":"Josephine-XPS15","pid":11144,"level":30,"msg":"test 2 edited by 5","time":"2015-12-14T12:15:21.001Z","v":0}
{"name":"C","hostname":"Josephine-XPS15","pid":15584,"level":30,"msg":"Server started","time":"2015-12-14T12:15:41.657Z","v":0}
{"name":"C","hostname":"Josephine-XPS15","pid":15584,"level":30,"msg":"test 2 edited by 5","time":"2015-12-14T12:15:55.781Z","v":0}
{"name":"C","hostname":"Josephine-XPS15","pid":9148,"level":30,"msg":"Server started","time":"2015-12-14T12:17:11.188Z","v":0}
{"name":"C","hostname":"Josephine-XPS15","pid":9148,"level":30,"msg":"test 2 edited by 5","time":"2015-12-14T12:17:23.255Z","v":0}
{"name":"C","hostname":"Josephine-XPS15","pid":11224,"level":30,"msg":"Server started","time":"2015-12-14T12:18:43.703Z","v":0}
{"name":"C","hostname":"Josephine-XPS15","pid":11224,"level":30,"msg":"test 2 edited by 5","time":"2015-12-14T12:19:01.338Z","v":0}
{"name":"C","hostname":"Josephine-XPS15","pid":18120,"level":30,"msg":"Server started","time":"2015-12-14T12:21:00.409Z","v":0}
{"name":"C","hostname":"Josephine-XPS15","pid":18120,"level":30,"msg":"test 2 edited by 5","time":"2015-12-14T12:21:52.122Z","v":0}
{"name":"C","hostname":"Josephine-XPS15","pid":17116,"level":30,"msg":"Server started","time":"2015-12-14T12:31:03.417Z","v":0}
{"name":"C","hostname":"Josephine-XPS15","pid":9944,"level":30,"msg":"Server started","time":"2015-12-14T12:31:46.423Z","v":0}
{"name":"C","hostname":"Josephine-XPS15","pid":9032,"level":30,"msg":"Server started","time":"2015-12-14T12:33:15.973Z","v":0}
{"name":"C","hostname":"Josephine-XPS15","pid":9032,"level":30,"msg":"test 2 edited by 5","time":"2015-12-14T12:33:27.483Z","v":0}
{"name":"C","hostname":"Josephine-XPS15","pid":7592,"level":30,"msg":"Server started","time":"2015-12-14T12:34:01.778Z","v":0}
{"name":"C","hostname":"Josephine-XPS15","pid":7592,"level":30,"msg":"test 2 edited by 5","time":"2015-12-14T12:34:08.558Z","v":0}
{"name":"C","hostname":"Josephine-XPS15","pid":7592,"level":30,"msg":"test 2 edited by 5","time":"2015-12-14T12:34:59.873Z","v":0}
{"name":"C","hostname":"Josephine-XPS15","pid":7592,"level":30,"msg":"test 2 edited by 5","time":"2015-12-14T12:35:33.134Z","v":0}
{"name":"C","hostname":"Josephine-XPS15","pid":1364,"level":30,"msg":"Server started","time":"2015-12-14T12:37:44.711Z","v":0}
{"name":"C","hostname":"Josephine-XPS15","pid":1364,"level":30,"msg":"test 2 edited by 5","time":"2015-12-14T12:37:47.988Z","v":0}
{"name":"C","hostname":"Josephine-XPS15","pid":13436,"level":30,"msg":"Server started","time":"2015-12-14T12:38:23.874Z","v":0}
{"name":"C","hostname":"Josephine-XPS15","pid":13436,"level":30,"msg":"test 2 edited by 5","time":"2015-12-14T12:38:29.709Z","v":0}
{"name":"C","hostname":"Josephine-XPS15","pid":4212,"level":30,"msg":"Server started","time":"2015-12-14T12:42:43.010Z","v":0}
{"name":"C","hostname":"Josephine-XPS15","pid":16844,"level":30,"msg":"Server started","time":"2015-12-14T12:44:14.379Z","v":0}
{"name":"C","hostname":"Josephine-XPS15","pid":9760,"level":30,"msg":"Server started","time":"2015-12-14T12:44:18.713Z","v":0}
{"name":"C","hostname":"Josephine-XPS15","pid":15580,"level":30,"msg":"Server started","time":"2015-12-14T12:44:25.915Z","v":0}
{"name":"C","hostname":"Josephine-XPS15","pid":12412,"level":30,"msg":"Server started","time":"2015-12-14T12:44:43.449Z","v":0}
{"name":"C","hostname":"Josephine-XPS15","pid":12164,"level":30,"msg":"Server started","time":"2015-12-14T12:51:05.416Z","v":0}
{"name":"C","hostname":"Josephine-XPS15","pid":5808,"level":30,"msg":"Server started","time":"2015-12-14T12:51:37.107Z","v":0}
{"name":"C","hostname":"Josephine-XPS15","pid":15588,"level":30,"msg":"Server started","time":"2015-12-14T12:54:06.479Z","v":0}
{"name":"C","hostname":"Josephine-XPS15","pid":14108,"level":30,"msg":"Server started","time":"2015-12-14T12:55:27.197Z","v":0}
{"name":"C","hostname":"Josephine-XPS15","pid":19404,"level":30,"msg":"Server started","time":"2015-12-14T12:56:20.155Z","v":0}
{"name":"C","hostname":"Josephine-XPS15","pid":18040,"level":30,"msg":"Server started","time":"2015-12-14T12:59:04.556Z","v":0}
{"name":"C","hostname":"Josephine-XPS15","pid":14728,"level":30,"msg":"Server started","time":"2015-12-14T13:08:06.908Z","v":0}
{"name":"C","hostname":"Josephine-XPS15","pid":6516,"level":30,"msg":"Server started","time":"2015-12-14T13:09:57.214Z","v":0}
{"name":"C","hostname":"Josephine-XPS15","pid":5636,"level":30,"msg":"Server started","time":"2015-12-14T13:10:51.691Z","v":0}
{"name":"C","hostname":"Josephine-XPS15","pid":7132,"level":30,"msg":"Server started","time":"2015-12-14T13:12:16.986Z","v":0}
{"name":"C","hostname":"Josephine-XPS15","pid":13588,"level":30,"msg":"Server started","time":"2015-12-14T13:12:49.258Z","v":0}
{"name":"C","hostname":"Josephine-XPS15","pid":6020,"level":30,"msg":"Server started","time":"2015-12-14T13:14:04.391Z","v":0}
{"name":"C","hostname":"Josephine-XPS15","pid":6288,"level":30,"msg":"Server started","time":"2015-12-14T13:21:57.240Z","v":0}
{"name":"C","hostname":"Josephine-XPS15","pid":4028,"level":30,"msg":"Server started","time":"2015-12-14T13:23:02.007Z","v":0}
{"name":"C","hostname":"Josephine-XPS15","pid":4028,"level":30,"msg":"test 2 edited by 5","time":"2015-12-14T13:25:09.942Z","v":0}
{"name":"C","hostname":"Josephine-XPS15","pid":3128,"level":30,"msg":"Server started","time":"2015-12-14T13:26:09.644Z","v":0}
{"name":"C","hostname":"Josephine-XPS15","pid":5404,"level":30,"msg":"Server started","time":"2015-12-14T13:26:36.918Z","v":0}
{"name":"C","hostname":"Josephine-XPS15","pid":7460,"level":30,"msg":"Server started","time":"2015-12-14T13:28:11.566Z","v":0}
{"name":"C","hostname":"Josephine-XPS15","pid":11916,"level":30,"msg":"Server started","time":"2015-12-14T13:29:04.467Z","v":0}
{"name":"C","hostname":"Josephine-XPS15","pid":3152,"level":30,"msg":"Server started","time":"2015-12-14T13:30:03.731Z","v":0}
{"name":"C","hostname":"Josephine-XPS15","pid":3152,"level":30,"msg":"page created by 5","time":"2015-12-14T13:30:15.009Z","v":0}
{"name":"C","hostname":"Josephine-XPS15","pid":1092,"level":30,"msg":"Server started","time":"2015-12-14T13:31:29.937Z","v":0}
{"name":"C","hostname":"Josephine-XPS15","pid":1092,"level":30,"msg":"page undefined deleted by undefined","time":"2015-12-14T13:31:43.620Z","v":0}
{"name":"C","hostname":"Josephine-XPS15","pid":1092,"level":30,"msg":"page created by 5","time":"2015-12-14T13:32:12.778Z","v":0}
{"name":"C","hostname":"Josephine-XPS15","pid":1092,"level":30,"msg":"page undefined deleted by undefined","time":"2015-12-14T13:34:36.349Z","v":0}
{"name":"C","hostname":"Josephine-XPS15","pid":17492,"level":30,"msg":"Server started","time":"2015-12-14T13:35:18.111Z","v":0}
{"name":"C","hostname":"Josephine-XPS15","pid":17492,"level":30,"msg":"page created by 5","time":"2015-12-14T13:35:27.627Z","v":0}
{"name":"C","hostname":"Josephine-XPS15","pid":17492,"level":30,"msg":"page created by 5","time":"2015-12-14T13:36:29.743Z","v":0}
{"name":"C","hostname":"Josephine-XPS15","pid":12564,"level":30,"msg":"Server started","time":"2015-12-14T13:59:56.100Z","v":0}
{"name":"C","hostname":"Josephine-XPS15","pid":17504,"level":30,"msg":"Server started","time":"2015-12-14T14:00:35.261Z","v":0}
{"name":"C","hostname":"Josephine-XPS15","pid":17504,"level":30,"msg":"page created by 5","time":"2015-12-14T14:01:08.431Z","v":0}
{"name":"C","hostname":"Josephine-XPS15","pid":17504,"level":30,"msg":"page created by 5","time":"2015-12-14T14:03:14.818Z","v":0}
{"name":"C","hostname":"Josephine-XPS15","pid":11772,"level":30,"msg":"Server started","time":"2015-12-14T14:10:32.115Z","v":0}
{"name":"C","hostname":"Josephine-XPS15","pid":11772,"level":30,"msg":"page created by 5","time":"2015-12-14T14:10:44.899Z","v":0}
{"name":"C","hostname":"Josephine-XPS15","pid":17652,"level":30,"msg":"Server started","time":"2015-12-14T14:23:21.852Z","v":0}
{"name":"C","hostname":"Josephine-XPS15","pid":18008,"level":30,"msg":"Server started","time":"2015-12-14T14:24:04.000Z","v":0}
{"name":"C","hostname":"Josephine-XPS15","pid":13920,"level":30,"msg":"Server started","time":"2015-12-14T14:28:45.437Z","v":0}
{"name":"C","hostname":"Josephine-XPS15","pid":10504,"level":30,"msg":"Server started","time":"2015-12-14T14:29:44.426Z","v":0}
{"name":"C","hostname":"Josephine-XPS15","pid":3272,"level":30,"msg":"Server started","time":"2015-12-14T14:30:49.940Z","v":0}
{"name":"C","hostname":"Josephine-XPS15","pid":9404,"level":30,"msg":"Server started","time":"2015-12-14T14:31:42.376Z","v":0}
{"name":"C","hostname":"Josephine-XPS15","pid":9404,"level":30,"msg":"page created by 5","time":"2015-12-14T14:32:32.284Z","v":0}
{"name":"C","hostname":"Josephine-XPS15","pid":9404,"level":30,"msg":"page created by 5","time":"2015-12-14T14:32:50.613Z","v":0}
{"name":"C","hostname":"Josephine-XPS15","pid":9404,"level":30,"msg":"page undefined deleted by undefined","time":"2015-12-14T14:33:58.869Z","v":0}
{"name":"C","hostname":"Josephine-XPS15","pid":9404,"level":30,"msg":"page undefined deleted by undefined","time":"2015-12-14T14:34:01.746Z","v":0}
{"name":"C","hostname":"Josephine-XPS15","pid":9404,"level":30,"msg":"page undefined deleted by undefined","time":"2015-12-14T14:34:03.645Z","v":0}
{"name":"C","hostname":"Josephine-XPS15","pid":9404,"level":30,"msg":"page undefined deleted by undefined","time":"2015-12-14T14:34:05.687Z","v":0}
{"name":"C","hostname":"Josephine-XPS15","pid":9404,"level":30,"msg":"page undefined deleted by undefined","time":"2015-12-14T14:34:07.489Z","v":0}
{"name":"C","hostname":"Josephine-XPS15","pid":9404,"level":30,"msg":"page undefined deleted by undefined","time":"2015-12-14T14:34:10.048Z","v":0}
{"name":"C","hostname":"Josephine-XPS15","pid":9404,"level":30,"msg":"page undefined deleted by undefined","time":"2015-12-14T14:34:12.538Z","v":0}
{"name":"C","hostname":"Josephine-XPS15","pid":9544,"level":30,"msg":"Server started","time":"2015-12-14T14:36:48.732Z","v":0}
{"name":"C","hostname":"Josephine-XPS15","pid":8876,"level":30,"msg":"Server started","time":"2015-12-14T14:36:57.168Z","v":0}
{"name":"C","hostname":"Josephine-XPS15","pid":14796,"level":30,"msg":"Server started","time":"2015-12-14T14:39:45.269Z","v":0}
{"name":"C","hostname":"Josephine-XPS15","pid":5272,"level":30,"msg":"Server started","time":"2015-12-14T14:40:15.278Z","v":0}
{"name":"C","hostname":"Josephine-XPS15","pid":7012,"level":30,"msg":"Server started","time":"2015-12-14T14:41:10.393Z","v":0}
{"name":"C","hostname":"Josephine-XPS15","pid":16688,"level":30,"msg":"Server started","time":"2015-12-14T14:41:42.108Z","v":0}
{"name":"C","hostname":"Josephine-XPS15","pid":2776,"level":30,"msg":"Server started","time":"2015-12-14T14:42:59.580Z","v":0}
{"name":"C","hostname":"Josephine-XPS15","pid":1396,"level":30,"msg":"Server started","time":"2015-12-14T14:44:06.125Z","v":0}
{"name":"C","hostname":"Josephine-XPS15","pid":19244,"level":30,"msg":"Server started","time":"2015-12-14T14:44:26.767Z","v":0}
{"name":"C","hostname":"Josephine-XPS15","pid":14440,"level":30,"msg":"Server started","time":"2015-12-14T14:45:18.525Z","v":0}
{"name":"C","hostname":"Josephine-XPS15","pid":18452,"level":30,"msg":"Server started","time":"2015-12-14T14:46:07.185Z","v":0}
{"name":"C","hostname":"Josephine-XPS15","pid":8420,"level":30,"msg":"Server started","time":"2015-12-14T14:47:19.489Z","v":0}
{"name":"C","hostname":"Josephine-XPS15","pid":8040,"level":30,"msg":"Server started","time":"2015-12-14T14:48:11.223Z","v":0}
{"name":"C","hostname":"Josephine-XPS15","pid":18084,"level":30,"msg":"Server started","time":"2015-12-14T14:49:54.651Z","v":0}
{"name":"C","hostname":"Josephine-XPS15","pid":8608,"level":30,"msg":"Server started","time":"2015-12-14T14:50:57.897Z","v":0}
{"name":"C","hostname":"Josephine-XPS15","pid":15772,"level":30,"msg":"Server started","time":"2015-12-14T14:53:27.026Z","v":0}
{"name":"C","hostname":"Josephine-XPS15","pid":5944,"level":30,"msg":"Server started","time":"2015-12-14T14:54:14.664Z","v":0}
{"name":"C","hostname":"Josephine-XPS15","pid":11852,"level":30,"msg":"Server started","time":"2015-12-14T14:55:06.826Z","v":0}
{"name":"C","hostname":"Josephine-XPS15","pid":8080,"level":30,"msg":"Server started","time":"2015-12-14T14:57:15.152Z","v":0}
{"name":"C","hostname":"Josephine-XPS15","pid":14876,"level":30,"msg":"Server started","time":"2015-12-14T14:57:53.639Z","v":0}
{"name":"C","hostname":"Josephine-XPS15","pid":16064,"level":30,"msg":"Server started","time":"2015-12-14T14:58:06.994Z","v":0}
{"name":"C","hostname":"Josephine-XPS15","pid":3636,"level":30,"msg":"Server started","time":"2015-12-14T14:59:14.938Z","v":0}
{"name":"C","hostname":"Josephine-XPS15","pid":6608,"level":30,"msg":"Server started","time":"2015-12-14T15:00:08.959Z","v":0}
{"name":"C","hostname":"Josephine-XPS15","pid":16068,"level":30,"msg":"Server started","time":"2015-12-14T15:00:45.617Z","v":0}
{"name":"C","hostname":"Josephine-XPS15","pid":14000,"level":30,"msg":"Server started","time":"2015-12-14T15:01:44.785Z","v":0}
{"name":"C","hostname":"Josephine-XPS15","pid":4364,"level":30,"msg":"Server started","time":"2015-12-14T15:02:19.844Z","v":0}
{"name":"C","hostname":"Josephine-XPS15","pid":11860,"level":30,"msg":"Server started","time":"2015-12-14T15:02:31.018Z","v":0}
{"name":"C","hostname":"Josephine-XPS15","pid":9716,"level":30,"msg":"Server started","time":"2015-12-14T15:03:05.620Z","v":0}
{"name":"C","hostname":"Josephine-XPS15","pid":7784,"level":30,"msg":"Server started","time":"2015-12-14T15:03:31.340Z","v":0}
{"name":"C","hostname":"Josephine-XPS15","pid":5952,"level":30,"msg":"Server started","time":"2015-12-14T15:04:01.589Z","v":0}
{"name":"C","hostname":"Josephine-XPS15","pid":7644,"level":30,"msg":"Server started","time":"2015-12-14T15:05:15.242Z","v":0}
{"name":"C","hostname":"Josephine-XPS15","pid":5060,"level":30,"msg":"Server started","time":"2015-12-14T15:05:58.797Z","v":0}
{"name":"C","hostname":"Josephine-XPS15","pid":10648,"level":30,"msg":"Server started","time":"2015-12-14T15:09:42.063Z","v":0}
{"name":"C","hostname":"Josephine-XPS15","pid":6044,"level":30,"msg":"Server started","time":"2015-12-14T15:10:22.961Z","v":0}
{"name":"C","hostname":"Josephine-XPS15","pid":6492,"level":30,"msg":"Server started","time":"2015-12-14T15:11:19.189Z","v":0}
{"name":"C","hostname":"Josephine-XPS15","pid":6536,"level":30,"msg":"Server started","time":"2015-12-14T15:11:52.414Z","v":0}
{"name":"C","hostname":"Josephine-XPS15","pid":9648,"level":30,"msg":"Server started","time":"2015-12-14T15:12:27.763Z","v":0}
{"name":"C","hostname":"Josephine-XPS15","pid":7876,"level":30,"msg":"Server started","time":"2015-12-14T15:12:50.450Z","v":0}
{"name":"C","hostname":"Josephine-XPS15","pid":8744,"level":30,"msg":"Server started","time":"2015-12-14T15:14:41.499Z","v":0}
{"name":"C","hostname":"Josephine-XPS15","pid":6560,"level":30,"msg":"Server started","time":"2015-12-14T15:14:59.917Z","v":0}
{"name":"C","hostname":"Josephine-XPS15","pid":1072,"level":30,"msg":"Server started","time":"2015-12-14T15:15:56.801Z","v":0}
{"name":"C","hostname":"Josephine-XPS15","pid":3304,"level":30,"msg":"Server started","time":"2015-12-14T15:16:52.116Z","v":0}
{"name":"C","hostname":"Josephine-XPS15","pid":18612,"level":30,"msg":"Server started","time":"2015-12-14T15:17:42.662Z","v":0}
{"name":"C","hostname":"Josephine-XPS15","pid":4840,"level":30,"msg":"Server started","time":"2015-12-14T15:18:22.395Z","v":0}
{"name":"C","hostname":"Josephine-XPS15","pid":18932,"level":30,"msg":"Server started","time":"2015-12-14T15:24:51.055Z","v":0}
{"name":"C","hostname":"Josephine-XPS15","pid":9968,"level":30,"msg":"Server started","time":"2015-12-14T15:26:14.713Z","v":0}
{"name":"C","hostname":"Josephine-XPS15","pid":17384,"level":30,"msg":"Server started","time":"2015-12-14T15:28:22.894Z","v":0}
{"name":"C","hostname":"Josephine-XPS15","pid":12588,"level":30,"msg":"Server started","time":"2015-12-14T15:28:49.179Z","v":0}
{"name":"C","hostname":"Josephine-XPS15","pid":19032,"level":30,"msg":"Server started","time":"2015-12-14T15:29:18.878Z","v":0}
{"name":"C","hostname":"Josephine-XPS15","pid":2676,"level":30,"msg":"Server started","time":"2015-12-14T15:30:17.258Z","v":0}
{"name":"C","hostname":"Josephine-XPS15","pid":5280,"level":30,"msg":"Server started","time":"2015-12-14T15:30:45.298Z","v":0}
{"name":"C","hostname":"Josephine-XPS15","pid":7368,"level":30,"msg":"Server started","time":"2015-12-14T15:31:25.207Z","v":0}
{"name":"C","hostname":"Josephine-XPS15","pid":13620,"level":30,"msg":"Server started","time":"2015-12-14T15:31:49.010Z","v":0}
{"name":"C","hostname":"Josephine-XPS15","pid":9200,"level":30,"msg":"Server started","time":"2015-12-14T15:32:27.661Z","v":0}
{"name":"C","hostname":"Josephine-XPS15","pid":644,"level":30,"msg":"Server started","time":"2015-12-14T15:41:29.501Z","v":0}
{"name":"C","hostname":"Josephine-XPS15","pid":7616,"level":30,"msg":"Server started","time":"2015-12-14T15:43:48.241Z","v":0}
{"name":"C","hostname":"Josephine-XPS15","pid":11568,"level":30,"msg":"Server started","time":"2015-12-14T15:44:10.060Z","v":0}
{"name":"C","hostname":"Josephine-XPS15","pid":6832,"level":30,"msg":"Server started","time":"2015-12-14T15:44:29.757Z","v":0}
{"name":"C","hostname":"Josephine-XPS15","pid":14408,"level":30,"msg":"Server started","time":"2015-12-14T15:45:10.934Z","v":0}
{"name":"C","hostname":"Josephine-XPS15","pid":10512,"level":30,"msg":"Server started","time":"2015-12-14T15:49:26.636Z","v":0}
{"name":"C","hostname":"Josephine-XPS15","pid":18512,"level":30,"msg":"Server started","time":"2015-12-14T15:50:03.324Z","v":0}
{"name":"C","hostname":"Josephine-XPS15","pid":5312,"level":30,"msg":"Server started","time":"2015-12-14T15:52:37.072Z","v":0}
{"name":"C","hostname":"Josephine-XPS15","pid":11580,"level":30,"msg":"Server started","time":"2015-12-14T15:53:12.091Z","v":0}
{"name":"C","hostname":"Josephine-XPS15","pid":18668,"level":30,"msg":"Server started","time":"2015-12-14T15:53:45.096Z","v":0}
{"name":"C","hostname":"Josephine-XPS15","pid":12480,"level":30,"msg":"Server started","time":"2015-12-14T15:55:31.530Z","v":0}
{"name":"C","hostname":"Josephine-XPS15","pid":6028,"level":30,"msg":"Server started","time":"2015-12-14T15:56:16.956Z","v":0}
{"name":"C","hostname":"Josephine-XPS15","pid":2380,"level":30,"msg":"Server started","time":"2015-12-14T15:56:57.658Z","v":0}
{"name":"C","hostname":"Josephine-XPS15","pid":15020,"level":30,"msg":"Server started","time":"2015-12-14T15:58:34.406Z","v":0}
{"name":"C","hostname":"Josephine-XPS15","pid":2792,"level":30,"msg":"Server started","time":"2015-12-14T15:58:58.521Z","v":0}
{"name":"C","hostname":"Josephine-XPS15","pid":18492,"level":30,"msg":"Server started","time":"2015-12-14T15:59:38.790Z","v":0}
{"name":"C","hostname":"Josephine-XPS15","pid":15768,"level":30,"msg":"Server started","time":"2015-12-14T16:00:57.099Z","v":0}
{"name":"C","hostname":"Josephine-XPS15","pid":13428,"level":30,"msg":"Server started","time":"2015-12-14T16:01:20.967Z","v":0}
{"name":"C","hostname":"Josephine-XPS15","pid":13992,"level":30,"msg":"Server started","time":"2015-12-14T16:06:02.330Z","v":0}
{"name":"C","hostname":"Josephine-XPS15","pid":18148,"level":30,"msg":"Server started","time":"2015-12-14T16:07:01.132Z","v":0}
{"name":"C","hostname":"Josephine-XPS15","pid":14840,"level":30,"msg":"Server started","time":"2015-12-14T16:07:19.283Z","v":0}
{"name":"C","hostname":"Josephine-XPS15","pid":7424,"level":30,"msg":"Server started","time":"2015-12-14T16:08:19.374Z","v":0}
{"name":"C","hostname":"Josephine-XPS15","pid":7424,"level":30,"msg":"page created by 5","time":"2015-12-14T16:09:45.102Z","v":0}
{"name":"C","hostname":"Josephine-XPS15","pid":13680,"level":30,"msg":"Server started","time":"2015-12-14T16:12:16.852Z","v":0}
{"name":"C","hostname":"Josephine-XPS15","pid":14420,"level":30,"msg":"Server started","time":"2015-12-14T16:35:49.761Z","v":0}
{"name":"C","hostname":"Josephine-XPS15","pid":18020,"level":30,"msg":"Server started","time":"2015-12-14T16:41:43.282Z","v":0}
{"name":"C","hostname":"Josephine-XPS15","pid":8576,"level":30,"msg":"Server started","time":"2015-12-14T16:43:16.603Z","v":0}
{"name":"C","hostname":"Josephine-XPS15","pid":8576,"level":30,"msg":"test 2 edited by 5","time":"2015-12-14T16:43:32.496Z","v":0}
{"name":"C","hostname":"Josephine-XPS15","pid":11672,"level":30,"msg":"Server started","time":"2015-12-14T16:45:29.263Z","v":0}
{"name":"C","hostname":"Josephine-XPS15","pid":14824,"level":30,"msg":"Server started","time":"2015-12-14T16:45:57.412Z","v":0}
{"name":"C","hostname":"Josephine-XPS15","pid":17484,"level":30,"msg":"Server started","time":"2015-12-14T16:46:32.981Z","v":0}
{"name":"C","hostname":"Josephine-XPS15","pid":7344,"level":30,"msg":"Server started","time":"2015-12-14T16:46:40.598Z","v":0}
{"name":"C","hostname":"Josephine-XPS15","pid":11284,"level":30,"msg":"Server started","time":"2015-12-14T16:47:44.976Z","v":0}
{"name":"C","hostname":"Josephine-XPS15","pid":11284,"level":30,"msg":"test 2 edited by 5","time":"2015-12-14T16:48:00.653Z","v":0}
{"name":"C","hostname":"Josephine-XPS15","pid":11284,"level":30,"msg":"test 2 edited by 5","time":"2015-12-14T16:48:13.537Z","v":0}
{"name":"C","hostname":"Josephine-XPS15","pid":11284,"level":30,"msg":"test 2 edited by 5","time":"2015-12-14T16:49:04.208Z","v":0}
{"name":"C","hostname":"Josephine-XPS15","pid":16364,"level":30,"msg":"Server started","time":"2015-12-14T16:50:30.336Z","v":0}
{"name":"C","hostname":"Josephine-XPS15","pid":16364,"level":30,"msg":"test 2 edited by 5","time":"2015-12-14T16:50:40.683Z","v":0}
{"name":"C","hostname":"Josephine-XPS15","pid":16364,"level":30,"msg":"test 2 edited by 5","time":"2015-12-14T16:50:43.946Z","v":0}
{"name":"C","hostname":"Josephine-XPS15","pid":16816,"level":30,"msg":"Server started","time":"2015-12-14T16:53:15.822Z","v":0}
{"name":"C","hostname":"Josephine-XPS15","pid":11540,"level":30,"msg":"Server started","time":"2015-12-14T16:56:18.147Z","v":0}
{"name":"C","hostname":"Josephine-XPS15","pid":5560,"level":30,"msg":"Server started","time":"2015-12-14T17:04:56.432Z","v":0}
{"name":"C","hostname":"Josephine-XPS15","pid":11496,"level":30,"msg":"Server started","time":"2015-12-14T17:06:14.491Z","v":0}
{"name":"C","hostname":"Josephine-XPS15","pid":14912,"level":30,"msg":"Server started","time":"2015-12-14T17:06:45.289Z","v":0}
{"name":"C","hostname":"Josephine-XPS15","pid":5440,"level":30,"msg":"Server started","time":"2015-12-14T17:07:26.529Z","v":0}
{"name":"C","hostname":"Josephine-XPS15","pid":13580,"level":30,"msg":"Server started","time":"2015-12-14T17:08:02.816Z","v":0}
{"name":"C","hostname":"Josephine-XPS15","pid":10132,"level":30,"msg":"Server started","time":"2015-12-14T17:10:07.646Z","v":0}
{"name":"C","hostname":"Josephine-XPS15","pid":15444,"level":30,"msg":"Server started","time":"2015-12-14T17:12:48.051Z","v":0}
{"name":"C","hostname":"Josephine-XPS15","pid":18428,"level":30,"msg":"Server started","time":"2015-12-14T17:14:47.280Z","v":0}
{"name":"C","hostname":"Josephine-XPS15","pid":18444,"level":30,"msg":"Server started","time":"2015-12-14T17:15:23.891Z","v":0}
{"name":"C","hostname":"Josephine-XPS15","pid":5072,"level":30,"msg":"Server started","time":"2015-12-14T17:15:42.252Z","v":0}
{"name":"C","hostname":"Josephine-XPS15","pid":16300,"level":30,"msg":"Server started","time":"2015-12-14T17:20:53.293Z","v":0}
{"name":"C","hostname":"Josephine-XPS15","pid":13848,"level":30,"msg":"Server started","time":"2015-12-14T17:21:28.775Z","v":0}
{"name":"C","hostname":"Josephine-XPS15","pid":17512,"level":30,"msg":"Server started","time":"2015-12-14T17:21:56.858Z","v":0}
{"name":"C","hostname":"Josephine-XPS15","pid":5620,"level":30,"msg":"Server started","time":"2015-12-14T17:24:41.020Z","v":0}
{"name":"C","hostname":"Josephine-XPS15","pid":11200,"level":30,"msg":"Server started","time":"2015-12-14T17:26:25.769Z","v":0}
{"name":"C","hostname":"Josephine-XPS15","pid":16756,"level":30,"msg":"Server started","time":"2015-12-14T17:26:45.730Z","v":0}
{"name":"C","hostname":"Josephine-XPS15","pid":16520,"level":30,"msg":"Server started","time":"2015-12-14T17:28:09.138Z","v":0}
{"name":"C","hostname":"Josephine-XPS15","pid":3840,"level":30,"msg":"Server started","time":"2015-12-14T17:31:38.010Z","v":0}
{"name":"C","hostname":"Josephine-XPS15","pid":15524,"level":30,"msg":"Server started","time":"2015-12-14T17:32:56.781Z","v":0}
{"name":"C","hostname":"Josephine-XPS15","pid":18680,"level":30,"msg":"Server started","time":"2015-12-14T17:33:33.098Z","v":0}
{"name":"C","hostname":"Josephine-XPS15","pid":6172,"level":30,"msg":"Server started","time":"2015-12-14T17:34:37.948Z","v":0}
{"name":"C","hostname":"Josephine-XPS15","pid":1652,"level":30,"msg":"Server started","time":"2015-12-14T17:36:59.507Z","v":0}
{"name":"C","hostname":"Josephine-XPS15","pid":17860,"level":30,"msg":"Server started","time":"2015-12-14T17:38:31.104Z","v":0}
{"name":"C","hostname":"Josephine-XPS15","pid":17860,"level":30,"msg":"test 2 edited by 5","time":"2015-12-14T17:38:41.792Z","v":0}
{"name":"C","hostname":"Josephine-XPS15","pid":6132,"level":30,"msg":"Server started","time":"2015-12-14T17:39:15.174Z","v":0}
{"name":"C","hostname":"Josephine-XPS15","pid":4728,"level":30,"msg":"Server started","time":"2015-12-14T17:39:53.292Z","v":0}
{"name":"C","hostname":"Josephine-XPS15","pid":10516,"level":30,"msg":"Server started","time":"2015-12-14T17:40:26.922Z","v":0}
{"name":"C","hostname":"Josephine-XPS15","pid":10516,"level":30,"msg":"test 2 edited by 5","time":"2015-12-14T17:40:30.686Z","v":0}
{"name":"C","hostname":"Josephine-XPS15","pid":12912,"level":30,"msg":"Server started","time":"2015-12-14T17:40:49.172Z","v":0}
{"name":"C","hostname":"Josephine-XPS15","pid":18308,"level":30,"msg":"Server started","time":"2015-12-14T17:41:34.672Z","v":0}
{"name":"C","hostname":"Josephine-XPS15","pid":7416,"level":30,"msg":"Server started","time":"2015-12-14T17:42:22.383Z","v":0}
{"name":"C","hostname":"Josephine-XPS15","pid":6248,"level":30,"msg":"Server started","time":"2015-12-14T17:44:14.626Z","v":0}
{"name":"C","hostname":"Josephine-XPS15","pid":4568,"level":30,"msg":"Server started","time":"2015-12-15T09:37:59.960Z","v":0}
{"name":"C","hostname":"Josephine-XPS15","pid":12896,"level":30,"msg":"Server started","time":"2015-12-15T09:38:04.788Z","v":0}
{"name":"C","hostname":"Josephine-XPS15","pid":4664,"level":30,"msg":"Server started","time":"2015-12-15T09:38:08.060Z","v":0}
{"name":"C","hostname":"Josephine-XPS15","pid":1416,"level":30,"msg":"Server started","time":"2015-12-15T09:38:10.485Z","v":0}
{"name":"C","hostname":"Josephine-XPS15","pid":13588,"level":30,"msg":"Server started","time":"2015-12-15T09:38:13.843Z","v":0}
{"name":"C","hostname":"Josephine-XPS15","pid":12232,"level":30,"msg":"Server started","time":"2015-12-15T09:38:15.259Z","v":0}
{"name":"C","hostname":"Josephine-XPS15","pid":16084,"level":30,"msg":"Server started","time":"2015-12-15T09:38:24.222Z","v":0}
{"name":"C","hostname":"Josephine-XPS15","pid":9872,"level":30,"msg":"Server started","time":"2015-12-15T09:41:05.166Z","v":0}
{"name":"C","hostname":"Josephine-XPS15","pid":8116,"level":30,"msg":"Server started","time":"2015-12-15T09:42:09.500Z","v":0}
{"name":"C","hostname":"Josephine-XPS15","pid":4752,"level":30,"msg":"Server started","time":"2015-12-15T09:44:49.763Z","v":0}
{"name":"C","hostname":"Josephine-XPS15","pid":11828,"level":30,"msg":"Server started","time":"2015-12-15T09:48:53.624Z","v":0}
{"name":"C","hostname":"Josephine-XPS15","pid":7796,"level":30,"msg":"Server started","time":"2015-12-15T10:04:02.310Z","v":0}
{"name":"C","hostname":"Josephine-XPS15","pid":2956,"level":30,"msg":"Server started","time":"2015-12-15T10:55:34.956Z","v":0}
{"name":"C","hostname":"Josephine-XPS15","pid":7996,"level":30,"msg":"Server started","time":"2015-12-15T10:56:35.427Z","v":0}
{"name":"C","hostname":"Josephine-XPS15","pid":12836,"level":30,"msg":"Server started","time":"2015-12-15T10:57:53.132Z","v":0}
{"name":"C","hostname":"Josephine-XPS15","pid":6432,"level":30,"msg":"Server started","time":"2015-12-15T10:58:13.450Z","v":0}
{"name":"C","hostname":"Josephine-XPS15","pid":13884,"level":30,"msg":"Server started","time":"2015-12-15T10:59:31.716Z","v":0}
{"name":"C","hostname":"Josephine-XPS15","pid":12948,"level":30,"msg":"Server started","time":"2015-12-15T11:00:36.480Z","v":0}
{"name":"C","hostname":"Josephine-XPS15","pid":8016,"level":30,"msg":"Server started","time":"2015-12-15T11:01:24.218Z","v":0}
{"name":"C","hostname":"Josephine-XPS15","pid":4448,"level":30,"msg":"Server started","time":"2015-12-15T11:01:39.912Z","v":0}
{"name":"C","hostname":"Josephine-XPS15","pid":13012,"level":30,"msg":"Server started","time":"2015-12-15T11:03:22.796Z","v":0}
{"name":"C","hostname":"Josephine-XPS15","pid":8408,"level":30,"msg":"Server started","time":"2015-12-15T11:04:32.750Z","v":0}
{"name":"C","hostname":"Josephine-XPS15","pid":8880,"level":30,"msg":"Server started","time":"2015-12-15T11:06:56.131Z","v":0}
{"name":"C","hostname":"Josephine-XPS15","pid":8340,"level":30,"msg":"Server started","time":"2015-12-15T11:07:27.303Z","v":0}
{"name":"C","hostname":"Josephine-XPS15","pid":13952,"level":30,"msg":"Server started","time":"2015-12-15T11:08:02.040Z","v":0}
{"name":"C","hostname":"Josephine-XPS15","pid":9876,"level":30,"msg":"Server started","time":"2015-12-15T11:08:49.127Z","v":0}
{"name":"C","hostname":"Josephine-XPS15","pid":10904,"level":30,"msg":"Server started","time":"2015-12-15T11:10:21.702Z","v":0}
{"name":"C","hostname":"Josephine-XPS15","pid":600,"level":30,"msg":"Server started","time":"2015-12-15T11:11:21.191Z","v":0}
{"name":"C","hostname":"Josephine-XPS15","pid":13052,"level":30,"msg":"Server started","time":"2015-12-15T11:12:00.581Z","v":0}
{"name":"C","hostname":"Josephine-XPS15","pid":8968,"level":30,"msg":"Server started","time":"2015-12-15T11:12:19.181Z","v":0}
{"name":"C","hostname":"Josephine-XPS15","pid":5252,"level":30,"msg":"Server started","time":"2015-12-15T11:13:22.404Z","v":0}
{"name":"C","hostname":"Josephine-XPS15","pid":11464,"level":30,"msg":"Server started","time":"2015-12-15T11:13:48.373Z","v":0}
{"name":"C","hostname":"Josephine-XPS15","pid":3784,"level":30,"msg":"Server started","time":"2015-12-15T11:16:30.978Z","v":0}
{"name":"C","hostname":"Josephine-XPS15","pid":12892,"level":30,"msg":"Server started","time":"2015-12-15T11:17:14.818Z","v":0}
{"name":"C","hostname":"Josephine-XPS15","pid":7684,"level":30,"msg":"Server started","time":"2015-12-15T11:18:30.476Z","v":0}
{"name":"C","hostname":"Josephine-XPS15","pid":4236,"level":30,"msg":"Server started","time":"2015-12-15T11:20:33.304Z","v":0}
{"name":"C","hostname":"Josephine-XPS15","pid":4608,"level":30,"msg":"Server started","time":"2015-12-15T11:22:06.710Z","v":0}
{"name":"C","hostname":"Josephine-XPS15","pid":1524,"level":30,"msg":"Server started","time":"2015-12-15T11:23:28.837Z","v":0}
{"name":"C","hostname":"Josephine-XPS15","pid":2516,"level":30,"msg":"Server started","time":"2015-12-15T11:26:58.498Z","v":0}
{"name":"C","hostname":"Josephine-XPS15","pid":12656,"level":30,"msg":"Server started","time":"2015-12-15T11:28:13.835Z","v":0}
{"name":"C","hostname":"Josephine-XPS15","pid":13972,"level":30,"msg":"Server started","time":"2015-12-15T11:29:11.487Z","v":0}
{"name":"C","hostname":"Josephine-XPS15","pid":12060,"level":30,"msg":"Server started","time":"2015-12-15T11:30:08.621Z","v":0}
{"name":"C","hostname":"Josephine-XPS15","pid":7484,"level":30,"msg":"Server started","time":"2015-12-15T11:30:38.740Z","v":0}
{"name":"C","hostname":"Josephine-XPS15","pid":10544,"level":30,"msg":"Server started","time":"2015-12-15T11:33:30.114Z","v":0}
{"name":"C","hostname":"Josephine-XPS15","pid":12456,"level":30,"msg":"Server started","time":"2015-12-15T11:35:34.679Z","v":0}
{"name":"C","hostname":"Josephine-XPS15","pid":13652,"level":30,"msg":"Server started","time":"2015-12-15T11:35:55.273Z","v":0}
{"name":"C","hostname":"Josephine-XPS15","pid":8424,"level":30,"msg":"Server started","time":"2015-12-15T11:36:43.396Z","v":0}
{"name":"C","hostname":"Josephine-XPS15","pid":2476,"level":30,"msg":"Server started","time":"2015-12-15T11:38:13.297Z","v":0}
{"name":"C","hostname":"Josephine-XPS15","pid":12236,"level":30,"msg":"Server started","time":"2015-12-15T11:41:19.039Z","v":0}
{"name":"C","hostname":"Josephine-XPS15","pid":14084,"level":30,"msg":"Server started","time":"2015-12-15T11:42:06.196Z","v":0}
{"name":"C","hostname":"Josephine-XPS15","pid":6676,"level":30,"msg":"Server started","time":"2015-12-15T11:42:49.928Z","v":0}
{"name":"C","hostname":"Josephine-XPS15","pid":13188,"level":30,"msg":"Server started","time":"2015-12-15T11:43:50.461Z","v":0}
{"name":"C","hostname":"Josephine-XPS15","pid":2256,"level":30,"msg":"Server started","time":"2015-12-15T11:45:25.838Z","v":0}
{"name":"C","hostname":"Josephine-XPS15","pid":4176,"level":30,"msg":"Server started","time":"2015-12-15T11:45:50.444Z","v":0}
{"name":"C","hostname":"Josephine-XPS15","pid":476,"level":30,"msg":"Server started","time":"2015-12-15T11:46:53.983Z","v":0}
{"name":"C","hostname":"Josephine-XPS15","pid":9380,"level":30,"msg":"Server started","time":"2015-12-15T11:47:29.373Z","v":0}
{"name":"C","hostname":"Josephine-XPS15","pid":7624,"level":30,"msg":"Server started","time":"2015-12-15T11:48:22.608Z","v":0}
{"name":"C","hostname":"Josephine-XPS15","pid":4976,"level":30,"msg":"Server started","time":"2015-12-15T11:48:52.081Z","v":0}
{"name":"C","hostname":"Josephine-XPS15","pid":260,"level":30,"msg":"Server started","time":"2015-12-15T11:51:02.052Z","v":0}
{"name":"C","hostname":"Josephine-XPS15","pid":5288,"level":30,"msg":"Server started","time":"2015-12-15T11:51:13.767Z","v":0}
{"name":"C","hostname":"Josephine-XPS15","pid":12388,"level":30,"msg":"Server started","time":"2015-12-15T11:51:46.133Z","v":0}
{"name":"C","hostname":"Josephine-XPS15","pid":13080,"level":30,"msg":"Server started","time":"2015-12-15T11:53:27.225Z","v":0}
{"name":"C","hostname":"Josephine-XPS15","pid":3276,"level":30,"msg":"Server started","time":"2015-12-15T11:53:44.401Z","v":0}
{"name":"C","hostname":"Josephine-XPS15","pid":5360,"level":30,"msg":"Server started","time":"2015-12-15T11:54:41.666Z","v":0}
{"name":"C","hostname":"Josephine-XPS15","pid":13848,"level":30,"msg":"Server started","time":"2015-12-15T11:55:25.645Z","v":0}
{"name":"C","hostname":"Josephine-XPS15","pid":8696,"level":30,"msg":"Server started","time":"2015-12-15T11:56:37.441Z","v":0}
{"name":"C","hostname":"Josephine-XPS15","pid":13696,"level":30,"msg":"Server started","time":"2015-12-15T11:57:36.419Z","v":0}
{"name":"C","hostname":"Josephine-XPS15","pid":2804,"level":30,"msg":"Server started","time":"2015-12-15T11:58:04.842Z","v":0}
{"name":"C","hostname":"Josephine-XPS15","pid":2804,"level":30,"msg":"page created by 5","time":"2015-12-15T12:01:38.056Z","v":0}
{"name":"C","hostname":"Josephine-XPS15","pid":2804,"level":50,"err":{"message":"Parse error on line 26:\n...oupid|IS|\"{{$parent.data[0]._id}}\"'>\r\r\n-----------------------^\nExpecting 'ID', got 'INVALID'","name":"Error","stack":[{},{},{},{},{},{},{},{}]},"msg":"Parse error on line 26:\n...oupid|IS|\"{{$parent.data[0]._id}}\"'>\r\r\n-----------------------^\nExpecting 'ID', got 'INVALID'","time":"2015-12-15T12:02:00.853Z","v":0}
{"name":"C","hostname":"Josephine-XPS15","pid":2804,"level":50,"err":{"message":"Parse error on line 26:\n...oupid|IS|\"{{$parent.data[0]._id}}\"'>\r\r\n-----------------------^\nExpecting 'ID', got 'INVALID'","name":"Error","stack":[{},{},{},{},{},{},{},{}]},"msg":"Parse error on line 26:\n...oupid|IS|\"{{$parent.data[0]._id}}\"'>\r\r\n-----------------------^\nExpecting 'ID', got 'INVALID'","time":"2015-12-15T12:03:35.449Z","v":0}
{"name":"C","hostname":"Josephine-XPS15","pid":7156,"level":30,"msg":"Server started","time":"2015-12-15T12:07:35.270Z","v":0}
{"name":"C","hostname":"Josephine-XPS15","pid":7156,"level":50,"err":{"message":"Parse error on line 26:\n...oupid|IS|\"{{$parent.data[0]._id}}\"'>\r\r\n-----------------------^\nExpecting 'ID', got 'INVALID'","name":"Error","stack":[{},{},{},{},{},{},{},{}]},"msg":"Parse error on line 26:\n...oupid|IS|\"{{$parent.data[0]._id}}\"'>\r\r\n-----------------------^\nExpecting 'ID', got 'INVALID'","time":"2015-12-15T12:07:39.736Z","v":0}
{"name":"C","hostname":"Josephine-XPS15","pid":1200,"level":30,"msg":"Server started","time":"2015-12-15T12:08:44.466Z","v":0}
{"name":"C","hostname":"Josephine-XPS15","pid":1200,"level":50,"err":{"message":"Parse error on line 26:\n...oupid|IS|\"{{$parent.data[0]._id}}\"'>\r\r\n-----------------------^\nExpecting 'ID', got 'INVALID'","name":"Error","stack":[{},{},{},{},{},{},{},{}]},"msg":"Parse error on line 26:\n...oupid|IS|\"{{$parent.data[0]._id}}\"'>\r\r\n-----------------------^\nExpecting 'ID', got 'INVALID'","time":"2015-12-15T12:08:47.109Z","v":0}
{"name":"C","hostname":"Josephine-XPS15","pid":12928,"level":30,"msg":"Server started","time":"2015-12-15T12:08:57.945Z","v":0}
{"name":"C","hostname":"Josephine-XPS15","pid":12928,"level":50,"err":{"message":"Parse error on line 26:\n...oupid|IS|\"{{$parent.data[0]._id}}\"'>\r\r\n-----------------------^\nExpecting 'ID', got 'INVALID'","name":"Error","stack":[{},{},{},{},{},{},{},{}]},"msg":"Parse error on line 26:\n...oupid|IS|\"{{$parent.data[0]._id}}\"'>\r\r\n-----------------------^\nExpecting 'ID', got 'INVALID'","time":"2015-12-15T12:08:58.541Z","v":0}
{"name":"C","hostname":"Josephine-XPS15","pid":4472,"level":30,"msg":"Server started","time":"2015-12-15T12:09:43.178Z","v":0}
{"name":"C","hostname":"Josephine-XPS15","pid":4472,"level":50,"err":{"message":"Parse error on line 26:\n...oupid|IS|\"{{$parent.data[0]._id}}\"'>\r\r\n-----------------------^\nExpecting 'ID', got 'INVALID'","name":"Error","stack":[{},{},{},{},{},{},{},{}]},"msg":"Parse error on line 26:\n...oupid|IS|\"{{$parent.data[0]._id}}\"'>\r\r\n-----------------------^\nExpecting 'ID', got 'INVALID'","time":"2015-12-15T12:09:44.919Z","v":0}
{"name":"C","hostname":"Josephine-XPS15","pid":4472,"level":50,"err":{"message":"Parse error on line 26:\n...oupid|IS|\"{{$parent.data[0]._id}}\"'>\r\r\n-----------------------^\nExpecting 'ID', got 'INVALID'","name":"Error","stack":[{},{},{},{},{},{},{},{}]},"msg":"Parse error on line 26:\n...oupid|IS|\"{{$parent.data[0]._id}}\"'>\r\r\n-----------------------^\nExpecting 'ID', got 'INVALID'","time":"2015-12-15T12:09:46.550Z","v":0}
{"name":"C","hostname":"Josephine-XPS15","pid":2904,"level":30,"msg":"Server started","time":"2015-12-15T12:10:17.086Z","v":0}
{"name":"C","hostname":"Josephine-XPS15","pid":2904,"level":50,"err":{"message":"Parse error on line 26:\n...oupid|IS|\"{{$parent.data[0]._id}}\"'>\r\r\n-----------------------^\nExpecting 'ID', got 'INVALID'","name":"Error","stack":[{},{},{},{},{},{},{},{}]},"msg":"Parse error on line 26:\n...oupid|IS|\"{{$parent.data[0]._id}}\"'>\r\r\n-----------------------^\nExpecting 'ID', got 'INVALID'","time":"2015-12-15T12:10:19.260Z","v":0}
{"name":"C","hostname":"Josephine-XPS15","pid":912,"level":30,"msg":"Server started","time":"2015-12-15T12:11:55.324Z","v":0}
{"name":"C","hostname":"Josephine-XPS15","pid":912,"level":50,"err":{"message":"Parse error on line 26:\n...oupid|IS|\"{{$parent.data[0]._id}}\"'>\r\r\n-----------------------^\nExpecting 'ID', got 'INVALID'","name":"Error","stack":[{},{},{},{},{},{},{},{}]},"msg":"Parse error on line 26:\n...oupid|IS|\"{{$parent.data[0]._id}}\"'>\r\r\n-----------------------^\nExpecting 'ID', got 'INVALID'","time":"2015-12-15T12:11:56.843Z","v":0}
{"name":"C","hostname":"Josephine-XPS15","pid":5316,"level":30,"msg":"Server started","time":"2015-12-15T12:12:24.132Z","v":0}
{"name":"C","hostname":"Josephine-XPS15","pid":5316,"level":50,"err":{"message":"Parse error on line 26:\n...oupid|IS|\"{{$parent.data[0]._id}}\"'>\r\r\n-----------------------^\nExpecting 'ID', got 'INVALID'","name":"Error","stack":[{},{},{},{},{},{},{},{}]},"msg":"Parse error on line 26:\n...oupid|IS|\"{{$parent.data[0]._id}}\"'>\r\r\n-----------------------^\nExpecting 'ID', got 'INVALID'","time":"2015-12-15T12:12:26.330Z","v":0}
{"name":"C","hostname":"Josephine-XPS15","pid":5460,"level":30,"msg":"Server started","time":"2015-12-15T12:13:44.797Z","v":0}
{"name":"C","hostname":"Josephine-XPS15","pid":5460,"level":50,"err":{"message":"Parse error on line 26:\n...oupid|IS|\"{{$parent.data[0]._id}}\"'>\r\r\n-----------------------^\nExpecting 'ID', got 'INVALID'","name":"Error","stack":[{},{},{},{},{},{},{},{}]},"msg":"Parse error on line 26:\n...oupid|IS|\"{{$parent.data[0]._id}}\"'>\r\r\n-----------------------^\nExpecting 'ID', got 'INVALID'","time":"2015-12-15T12:13:46.743Z","v":0}
{"name":"C","hostname":"Josephine-XPS15","pid":8136,"level":30,"msg":"Server started","time":"2015-12-15T12:16:33.103Z","v":0}
{"name":"C","hostname":"Josephine-XPS15","pid":8136,"level":50,"err":{"message":"Parse error on line 26:\n...oupid|IS|\"{{$parent.data[0]._id}}\"'>\r\r\n-----------------------^\nExpecting 'ID', got 'INVALID'","name":"Error","stack":[{},{},{},{},{},{},{},{}]},"msg":"Parse error on line 26:\n...oupid|IS|\"{{$parent.data[0]._id}}\"'>\r\r\n-----------------------^\nExpecting 'ID', got 'INVALID'","time":"2015-12-15T12:16:34.850Z","v":0}
{"name":"C","hostname":"Josephine-XPS15","pid":8136,"level":50,"err":{"message":"Parse error on line 26:\n...oupid|IS|\"{{$parent.data[0]._id}}\"'>\r\r\n-----------------------^\nExpecting 'ID', got 'INVALID'","name":"Error","stack":[{},{},{},{},{},{},{},{}]},"msg":"Parse error on line 26:\n...oupid|IS|\"{{$parent.data[0]._id}}\"'>\r\r\n-----------------------^\nExpecting 'ID', got 'INVALID'","time":"2015-12-15T12:16:36.232Z","v":0}
{"name":"C","hostname":"Josephine-XPS15","pid":9552,"level":30,"msg":"Server started","time":"2015-12-15T12:16:45.717Z","v":0}
{"name":"C","hostname":"Josephine-XPS15","pid":9552,"level":50,"err":{"message":"Parse error on line 26:\n...oupid|IS|\"{{$parent.data[0]._id}}\"'>\r\r\n-----------------------^\nExpecting 'ID', got 'INVALID'","name":"Error","stack":[{},{},{},{},{},{},{},{}]},"msg":"Parse error on line 26:\n...oupid|IS|\"{{$parent.data[0]._id}}\"'>\r\r\n-----------------------^\nExpecting 'ID', got 'INVALID'","time":"2015-12-15T12:16:47.630Z","v":0}
{"name":"C","hostname":"Josephine-XPS15","pid":9552,"level":50,"err":{"message":"Parse error on line 26:\n...oupid|IS|\"{{$parent.data[0]._id}}\"'>\r\r\n-----------------------^\nExpecting 'ID', got 'INVALID'","name":"Error","stack":[{},{},{},{},{},{},{},{}]},"msg":"Parse error on line 26:\n...oupid|IS|\"{{$parent.data[0]._id}}\"'>\r\r\n-----------------------^\nExpecting 'ID', got 'INVALID'","time":"2015-12-15T12:16:49.932Z","v":0}
{"name":"C","hostname":"Josephine-XPS15","pid":10464,"level":30,"msg":"Server started","time":"2015-12-15T12:17:07.811Z","v":0}
{"name":"C","hostname":"Josephine-XPS15","pid":10464,"level":50,"err":{"message":"Parse error on line 26:\n...oupid|IS|\"{{$parent.data[0]._id}}\"'>\r\r\n-----------------------^\nExpecting 'ID', got 'INVALID'","name":"Error","stack":[{},{},{},{},{},{},{},{}]},"msg":"Parse error on line 26:\n...oupid|IS|\"{{$parent.data[0]._id}}\"'>\r\r\n-----------------------^\nExpecting 'ID', got 'INVALID'","time":"2015-12-15T12:17:09.519Z","v":0}
{"name":"C","hostname":"Josephine-XPS15","pid":8020,"level":30,"msg":"Server started","time":"2015-12-15T12:17:38.676Z","v":0}
{"name":"C","hostname":"Josephine-XPS15","pid":8020,"level":50,"err":{"message":"Parse error on line 26:\n...oupid|IS|\"{{$parent.data[0]._id}}\"'>\r\r\n-----------------------^\nExpecting 'ID', got 'INVALID'","name":"Error","stack":[{},{},{},{},{},{},{},{}]},"msg":"Parse error on line 26:\n...oupid|IS|\"{{$parent.data[0]._id}}\"'>\r\r\n-----------------------^\nExpecting 'ID', got 'INVALID'","time":"2015-12-15T12:17:40.219Z","v":0}
{"name":"C","hostname":"Josephine-XPS15","pid":3820,"level":30,"msg":"Server started","time":"2015-12-15T12:17:57.519Z","v":0}
{"name":"C","hostname":"Josephine-XPS15","pid":3820,"level":50,"err":{"message":"Parse error on line 26:\n...oupid|IS|\"{{$parent.data[0]._id}}\"'>\r\r\n-----------------------^\nExpecting 'ID', got 'INVALID'","name":"Error","stack":[{},{},{},{},{},{},{},{}]},"msg":"Parse error on line 26:\n...oupid|IS|\"{{$parent.data[0]._id}}\"'>\r\r\n-----------------------^\nExpecting 'ID', got 'INVALID'","time":"2015-12-15T12:17:59.354Z","v":0}
{"name":"C","hostname":"Josephine-XPS15","pid":252,"level":30,"msg":"Server started","time":"2015-12-15T12:18:53.944Z","v":0}
{"name":"C","hostname":"Josephine-XPS15","pid":252,"level":50,"err":{"message":"Parse error on line 26:\n...oupid|IS|\"{{$parent.data[0]._id}}\"'>\r\r\n-----------------------^\nExpecting 'ID', got 'INVALID'","name":"Error","stack":[{},{},{},{},{},{},{},{}]},"msg":"Parse error on line 26:\n...oupid|IS|\"{{$parent.data[0]._id}}\"'>\r\r\n-----------------------^\nExpecting 'ID', got 'INVALID'","time":"2015-12-15T12:18:55.421Z","v":0}
{"name":"C","hostname":"Josephine-XPS15","pid":252,"level":50,"err":{"message":"Parse error on line 26:\n...oupid|IS|\"{{$parent.data[0]._id}}\"'>\r\r\n-----------------------^\nExpecting 'ID', got 'INVALID'","name":"Error","stack":[{},{},{},{},{},{},{},{}]},"msg":"Parse error on line 26:\n...oupid|IS|\"{{$parent.data[0]._id}}\"'>\r\r\n-----------------------^\nExpecting 'ID', got 'INVALID'","time":"2015-12-15T12:19:05.359Z","v":0}
{"name":"C","hostname":"Josephine-XPS15","pid":7492,"level":30,"msg":"Server started","time":"2015-12-15T12:33:04.095Z","v":0}
{"name":"C","hostname":"Josephine-XPS15","pid":9384,"level":30,"msg":"Server started","time":"2015-12-15T12:33:41.104Z","v":0}
{"name":"C","hostname":"Josephine-XPS15","pid":1272,"level":30,"msg":"Server started","time":"2015-12-15T12:38:57.276Z","v":0}
{"name":"C","hostname":"Josephine-XPS15","pid":2248,"level":30,"msg":"Server started","time":"2015-12-15T12:39:14.534Z","v":0}
{"name":"C","hostname":"Josephine-XPS15","pid":4656,"level":30,"msg":"Server started","time":"2015-12-15T13:54:12.313Z","v":0}
{"name":"C","hostname":"Josephine-XPS15","pid":12940,"level":30,"msg":"Server started","time":"2015-12-15T14:25:29.936Z","v":0}
{"name":"C","hostname":"Josephine-XPS15","pid":12200,"level":30,"msg":"Server started","time":"2015-12-15T14:27:45.289Z","v":0}
{"name":"C","hostname":"Josephine-XPS15","pid":14472,"level":30,"msg":"Server started","time":"2015-12-15T14:28:23.546Z","v":0}
{"name":"C","hostname":"Josephine-XPS15","pid":15148,"level":30,"msg":"Server started","time":"2015-12-15T14:30:42.657Z","v":0}
{"name":"C","hostname":"Josephine-XPS15","pid":9468,"level":30,"msg":"Server started","time":"2015-12-15T14:31:23.919Z","v":0}
{"name":"C","hostname":"Josephine-XPS15","pid":11760,"level":30,"msg":"Server started","time":"2015-12-15T14:33:14.417Z","v":0}
{"name":"C","hostname":"Josephine-XPS15","pid":6720,"level":30,"msg":"Server started","time":"2015-12-15T14:42:35.319Z","v":0}
{"name":"C","hostname":"Josephine-XPS15","pid":13080,"level":30,"msg":"Server started","time":"2015-12-15T14:42:59.739Z","v":0}
{"name":"C","hostname":"Josephine-XPS15","pid":11184,"level":30,"msg":"Server started","time":"2015-12-15T14:43:45.497Z","v":0}
{"name":"C","hostname":"Josephine-XPS15","pid":432,"level":30,"msg":"Server started","time":"2015-12-15T14:44:43.736Z","v":0}
{"name":"C","hostname":"Josephine-XPS15","pid":1028,"level":30,"msg":"Server started","time":"2015-12-15T14:45:28.029Z","v":0}
{"name":"C","hostname":"Josephine-XPS15","pid":1460,"level":30,"msg":"Server started","time":"2015-12-15T14:47:09.025Z","v":0}
{"name":"C","hostname":"Josephine-XPS15","pid":11840,"level":30,"msg":"Server started","time":"2015-12-15T14:53:39.001Z","v":0}
{"name":"C","hostname":"Josephine-XPS15","pid":2344,"level":30,"msg":"Server started","time":"2015-12-15T14:54:05.924Z","v":0}
{"name":"C","hostname":"Josephine-XPS15","pid":1924,"level":30,"msg":"Server started","time":"2015-12-15T14:54:21.635Z","v":0}
{"name":"C","hostname":"Josephine-XPS15","pid":5092,"level":30,"msg":"Server started","time":"2015-12-15T14:54:35.852Z","v":0}
{"name":"C","hostname":"Josephine-XPS15","pid":11300,"level":30,"msg":"Server started","time":"2015-12-15T14:54:48.581Z","v":0}
{"name":"C","hostname":"Josephine-XPS15","pid":17148,"level":30,"msg":"Server started","time":"2015-12-15T15:09:17.152Z","v":0}
{"name":"C","hostname":"Josephine-XPS15","pid":12060,"level":30,"msg":"Server started","time":"2015-12-15T15:09:31.584Z","v":0}
{"name":"C","hostname":"Josephine-XPS15","pid":13384,"level":30,"msg":"Server started","time":"2015-12-15T15:10:15.571Z","v":0}
{"name":"C","hostname":"Josephine-XPS15","pid":17536,"level":30,"msg":"Server started","time":"2015-12-15T15:24:27.841Z","v":0}
{"name":"C","hostname":"Josephine-XPS15","pid":17696,"level":30,"msg":"Server started","time":"2015-12-15T15:25:19.125Z","v":0}
{"name":"C","hostname":"Josephine-XPS15","pid":11856,"level":30,"msg":"Server started","time":"2015-12-15T15:34:02.688Z","v":0}
{"name":"C","hostname":"Josephine-XPS15","pid":11628,"level":30,"msg":"Server started","time":"2015-12-15T15:37:21.356Z","v":0}
{"name":"C","hostname":"Josephine-XPS15","pid":7448,"level":30,"msg":"Server started","time":"2015-12-15T15:37:40.573Z","v":0}
{"name":"C","hostname":"Josephine-XPS15","pid":2336,"level":30,"msg":"Server started","time":"2015-12-15T15:38:36.388Z","v":0}
{"name":"C","hostname":"Josephine-XPS15","pid":8944,"level":30,"msg":"Server started","time":"2015-12-15T15:38:45.456Z","v":0}
{"name":"C","hostname":"Josephine-XPS15","pid":17776,"level":30,"msg":"Server started","time":"2015-12-15T15:40:14.154Z","v":0}
{"name":"C","hostname":"Josephine-XPS15","pid":16520,"level":30,"msg":"Server started","time":"2015-12-15T15:40:20.434Z","v":0}
{"name":"C","hostname":"Josephine-XPS15","pid":16636,"level":30,"msg":"Server started","time":"2015-12-15T15:40:26.525Z","v":0}
{"name":"C","hostname":"Josephine-XPS15","pid":17172,"level":30,"msg":"Server started","time":"2015-12-15T15:49:37.360Z","v":0}
{"name":"C","hostname":"Josephine-XPS15","pid":16028,"level":30,"msg":"Server started","time":"2015-12-15T15:53:16.612Z","v":0}
{"name":"C","hostname":"Josephine-XPS15","pid":536,"level":30,"msg":"Server started","time":"2015-12-15T15:53:38.424Z","v":0}
{"name":"C","hostname":"Josephine-XPS15","pid":16712,"level":30,"msg":"Server started","time":"2015-12-15T16:00:21.520Z","v":0}
{"name":"C","hostname":"Josephine-XPS15","pid":13212,"level":30,"msg":"Server started","time":"2015-12-15T16:00:53.737Z","v":0}
{"name":"C","hostname":"Josephine-XPS15","pid":3524,"level":30,"msg":"Server started","time":"2015-12-15T16:02:08.335Z","v":0}
{"name":"C","hostname":"Josephine-XPS15","pid":18088,"level":30,"msg":"Server started","time":"2015-12-15T16:02:27.333Z","v":0}
{"name":"C","hostname":"Josephine-XPS15","pid":16872,"level":30,"msg":"Server started","time":"2015-12-15T16:03:27.735Z","v":0}
{"name":"C","hostname":"Josephine-XPS15","pid":10556,"level":30,"msg":"Server started","time":"2015-12-15T16:05:49.698Z","v":0}
{"name":"C","hostname":"Josephine-XPS15","pid":9968,"level":30,"msg":"Server started","time":"2015-12-15T16:06:10.375Z","v":0}
{"name":"C","hostname":"Josephine-XPS15","pid":17724,"level":30,"msg":"Server started","time":"2015-12-15T16:07:11.374Z","v":0}
{"name":"C","hostname":"Josephine-XPS15","pid":15948,"level":30,"msg":"Server started","time":"2015-12-15T16:07:33.534Z","v":0}
{"name":"C","hostname":"Josephine-XPS15","pid":15400,"level":30,"msg":"Server started","time":"2015-12-15T16:14:03.772Z","v":0}
{"name":"C","hostname":"Josephine-XPS15","pid":18336,"level":30,"msg":"Server started","time":"2015-12-15T16:14:59.425Z","v":0}
{"name":"C","hostname":"Josephine-XPS15","pid":17548,"level":30,"msg":"Server started","time":"2015-12-15T16:15:28.726Z","v":0}
{"name":"C","hostname":"Josephine-XPS15","pid":3484,"level":30,"msg":"Server started","time":"2015-12-15T16:15:50.730Z","v":0}
{"name":"C","hostname":"Josephine-XPS15","pid":9800,"level":30,"msg":"Server started","time":"2015-12-15T16:17:26.451Z","v":0}
{"name":"C","hostname":"Josephine-XPS15","pid":4488,"level":30,"msg":"Server started","time":"2015-12-15T16:17:48.187Z","v":0}
{"name":"C","hostname":"Josephine-XPS15","pid":15704,"level":30,"msg":"Server started","time":"2015-12-15T16:18:32.549Z","v":0}
{"name":"C","hostname":"Josephine-XPS15","pid":18348,"level":30,"msg":"Server started","time":"2015-12-15T16:19:43.372Z","v":0}
{"name":"C","hostname":"Josephine-XPS15","pid":17988,"level":30,"msg":"Server started","time":"2015-12-15T16:20:18.920Z","v":0}
{"name":"C","hostname":"Josephine-XPS15","pid":10360,"level":30,"msg":"Server started","time":"2015-12-15T16:20:29.829Z","v":0}
{"name":"C","hostname":"Josephine-XPS15","pid":6128,"level":30,"msg":"Server started","time":"2015-12-15T16:20:41.012Z","v":0}
{"name":"C","hostname":"Josephine-XPS15","pid":6676,"level":30,"msg":"Server started","time":"2015-12-15T16:20:56.197Z","v":0}
{"name":"C","hostname":"Josephine-XPS15","pid":1464,"level":30,"msg":"Server started","time":"2015-12-15T16:21:12.467Z","v":0}
{"name":"C","hostname":"Josephine-XPS15","pid":14348,"level":30,"msg":"Server started","time":"2015-12-15T16:21:50.093Z","v":0}
{"name":"C","hostname":"Josephine-XPS15","pid":5588,"level":30,"msg":"Server started","time":"2015-12-15T16:22:37.756Z","v":0}
{"name":"C","hostname":"Josephine-XPS15","pid":17800,"level":30,"msg":"Server started","time":"2015-12-15T16:23:47.582Z","v":0}
{"name":"C","hostname":"Josephine-XPS15","pid":6892,"level":30,"msg":"Server started","time":"2015-12-15T16:25:20.553Z","v":0}
{"name":"C","hostname":"Josephine-XPS15","pid":2900,"level":30,"msg":"Server started","time":"2015-12-15T16:28:26.669Z","v":0}
{"name":"C","hostname":"Josephine-XPS15","pid":16480,"level":30,"msg":"Server started","time":"2015-12-15T16:29:13.802Z","v":0}
{"name":"C","hostname":"Josephine-XPS15","pid":6372,"level":30,"msg":"Server started","time":"2015-12-15T16:31:22.447Z","v":0}
{"name":"C","hostname":"Josephine-XPS15","pid":540,"level":30,"msg":"Server started","time":"2015-12-15T16:33:55.139Z","v":0}
{"name":"C","hostname":"Josephine-XPS15","pid":17252,"level":30,"msg":"Server started","time":"2015-12-15T16:43:03.161Z","v":0}
{"name":"C","hostname":"Josephine-XPS15","pid":14220,"level":30,"msg":"Server started","time":"2015-12-15T16:45:39.855Z","v":0}
{"name":"C","hostname":"Josephine-XPS15","pid":16256,"level":30,"msg":"Server started","time":"2015-12-15T16:46:36.971Z","v":0}
{"name":"C","hostname":"Josephine-XPS15","pid":15344,"level":30,"msg":"Server started","time":"2015-12-15T16:49:58.310Z","v":0}
{"name":"C","hostname":"Josephine-XPS15","pid":17664,"level":30,"msg":"Server started","time":"2015-12-15T16:50:39.322Z","v":0}
{"name":"C","hostname":"Josephine-XPS15","pid":17360,"level":30,"msg":"Server started","time":"2015-12-15T16:51:07.043Z","v":0}
{"name":"C","hostname":"Josephine-XPS15","pid":15512,"level":30,"msg":"Server started","time":"2015-12-15T16:51:53.135Z","v":0}
{"name":"C","hostname":"Josephine-XPS15","pid":8956,"level":30,"msg":"Server started","time":"2015-12-15T16:52:41.065Z","v":0}
{"name":"C","hostname":"Josephine-XPS15","pid":12920,"level":30,"msg":"Server started","time":"2015-12-15T16:53:15.402Z","v":0}
{"name":"C","hostname":"Josephine-XPS15","pid":12728,"level":30,"msg":"Server started","time":"2015-12-15T16:55:32.432Z","v":0}
{"name":"C","hostname":"Josephine-XPS15","pid":7760,"level":30,"msg":"Server started","time":"2015-12-15T16:56:02.415Z","v":0}
{"name":"C","hostname":"Josephine-XPS15","pid":12172,"level":30,"msg":"Server started","time":"2015-12-15T16:58:20.600Z","v":0}
{"name":"C","hostname":"Josephine-XPS15","pid":16992,"level":30,"msg":"Server started","time":"2015-12-15T17:07:23.530Z","v":0}
{"name":"C","hostname":"Josephine-XPS15","pid":1036,"level":30,"msg":"Server started","time":"2015-12-16T10:31:17.970Z","v":0}
{"name":"C","hostname":"Josephine-XPS15","pid":13356,"level":30,"msg":"Server started","time":"2015-12-16T10:41:24.305Z","v":0}
{"name":"C","hostname":"Josephine-XPS15","pid":13356,"level":30,"msg":"page 13 edited by 5","time":"2015-12-16T10:41:39.827Z","v":0}
{"name":"C","hostname":"Josephine-XPS15","pid":18188,"level":30,"msg":"Server started","time":"2015-12-16T10:42:29.246Z","v":0}
{"name":"C","hostname":"Josephine-XPS15","pid":18188,"level":30,"msg":"page 14 edited by 5","time":"2015-12-16T10:42:35.670Z","v":0}
{"name":"C","hostname":"Josephine-XPS15","pid":16340,"level":30,"msg":"Server started","time":"2015-12-16T10:43:19.135Z","v":0}
{"name":"C","hostname":"Josephine-XPS15","pid":16340,"level":30,"msg":"page 14 edited by 5","time":"2015-12-16T10:43:25.369Z","v":0}
{"name":"C","hostname":"Josephine-XPS15","pid":18280,"level":30,"msg":"Server started","time":"2015-12-16T10:44:35.426Z","v":0}
{"name":"C","hostname":"Josephine-XPS15","pid":18280,"level":30,"msg":"page 14 edited by 5","time":"2015-12-16T10:45:00.423Z","v":0}
{"name":"C","hostname":"Josephine-XPS15","pid":6688,"level":30,"msg":"Server started","time":"2015-12-16T10:45:47.742Z","v":0}
{"name":"C","hostname":"Josephine-XPS15","pid":6688,"level":30,"msg":"page 14 edited by 5","time":"2015-12-16T10:46:08.044Z","v":0}
{"name":"C","hostname":"Josephine-XPS15","pid":6688,"level":30,"msg":"page 13 edited by 5","time":"2015-12-16T10:46:33.517Z","v":0}
{"name":"C","hostname":"Josephine-XPS15","pid":6688,"level":30,"msg":"page 14 edited by 5","time":"2015-12-16T10:46:55.179Z","v":0}
{"name":"C","hostname":"Josephine-XPS15","pid":17976,"level":30,"msg":"Server started","time":"2015-12-16T10:54:21.002Z","v":0}
{"name":"C","hostname":"Josephine-XPS15","pid":17832,"level":30,"msg":"Server started","time":"2015-12-16T11:13:30.171Z","v":0}
{"name":"C","hostname":"Josephine-XPS15","pid":14012,"level":30,"msg":"Server started","time":"2015-12-16T11:14:02.994Z","v":0}
{"name":"C","hostname":"Josephine-XPS15","pid":14012,"level":30,"msg":"page 14 edited by 5","time":"2015-12-16T11:14:17.932Z","v":0}
{"name":"C","hostname":"Josephine-XPS15","pid":10708,"level":30,"msg":"Server started","time":"2015-12-16T12:18:01.180Z","v":0}
{"name":"C","hostname":"Josephine-XPS15","pid":13416,"level":30,"msg":"Server started","time":"2015-12-16T12:21:52.764Z","v":0}
