{"name":"C","hostname":"Adams-MacBook-Pro.local","pid":2588,"level":30,"msg":"Server started","time":"2015-12-14T12:09:13.357Z","v":0}
{"name":"C","hostname":"Adams-MacBook-Pro.local","pid":2588,"level":30,"msg":"user created by system","time":"2015-12-14T12:09:27.580Z","v":0}
{"name":"C","hostname":"Adams-MacBook-Pro.local","pid":2588,"level":30,"msg":"page created by 1","time":"2015-12-14T12:17:17.767Z","v":0}
{"name":"C","hostname":"Adams-MacBook-Pro.local","pid":2693,"level":30,"msg":"Server started","time":"2015-12-14T12:33:26.295Z","v":0}
{"name":"C","hostname":"Adams-MacBook-Pro.local","pid":2693,"level":30,"msg":"page undefined deleted by undefined","time":"2015-12-14T12:38:56.110Z","v":0}
{"name":"C","hostname":"Adams-MacBook-Pro.local","pid":2700,"level":30,"msg":"Server started","time":"2015-12-14T12:43:08.492Z","v":0}
{"name":"C","hostname":"Adams-MacBook-Pro.local","pid":2701,"level":30,"msg":"Server started","time":"2015-12-14T12:44:04.974Z","v":0}
{"name":"C","hostname":"Adams-MacBook-Pro.local","pid":2750,"level":30,"msg":"Server started","time":"2015-12-14T12:48:30.409Z","v":0}
{"name":"C","hostname":"Adams-MacBook-Pro.local","pid":2977,"level":30,"msg":"Server started","time":"2015-12-14T13:17:45.433Z","v":0}
{"name":"C","hostname":"Adams-MacBook-Pro.local","pid":2977,"level":30,"msg":"page created by 1","time":"2015-12-14T13:21:03.738Z","v":0}
{"name":"C","hostname":"Adams-MacBook-Pro.local","pid":2977,"level":30,"msg":"page 2 edited by 1","time":"2015-12-14T13:26:30.732Z","v":0}
{"name":"C","hostname":"Adams-MacBook-Pro.local","pid":3050,"level":30,"msg":"Server started","time":"2015-12-14T13:33:22.640Z","v":0}
{"name":"C","hostname":"Adams-MacBook-Pro.local","pid":3270,"level":30,"msg":"Server started","time":"2015-12-14T14:01:47.817Z","v":0}
{"name":"C","hostname":"Adams-MacBook-Pro.local","pid":3316,"level":30,"msg":"Server started","time":"2015-12-14T14:10:47.501Z","v":0}
{"name":"C","hostname":"Adams-MacBook-Pro.local","pid":3316,"level":30,"msg":"page created by 1","time":"2015-12-14T14:11:20.236Z","v":0}
{"name":"C","hostname":"Adams-MacBook-Pro.local","pid":3316,"level":30,"msg":"page undefined deleted by undefined","time":"2015-12-14T14:18:04.610Z","v":0}
{"name":"C","hostname":"Adams-MacBook-Pro.local","pid":3316,"level":30,"msg":"page undefined deleted by undefined","time":"2015-12-14T14:18:07.358Z","v":0}
{"name":"C","hostname":"Adams-MacBook-Pro.local","pid":3316,"level":30,"msg":"page created by 1","time":"2015-12-14T14:18:29.400Z","v":0}
{"name":"C","hostname":"Adams-MacBook-Pro.local","pid":3326,"level":30,"msg":"Server started","time":"2015-12-14T14:18:54.842Z","v":0}
{"name":"C","hostname":"Adams-MacBook-Pro.local","pid":3326,"level":30,"msg":"page 4 edited by 1","time":"2015-12-14T14:19:27.640Z","v":0}
{"name":"C","hostname":"Adams-MacBook-Pro.local","pid":3326,"level":30,"msg":"page 4 edited by 1","time":"2015-12-14T14:21:15.827Z","v":0}
{"name":"C","hostname":"Adams-MacBook-Pro.local","pid":3326,"level":30,"msg":"page 4 edited by 1","time":"2015-12-14T14:22:19.955Z","v":0}
{"name":"C","hostname":"Adams-MacBook-Pro.local","pid":3326,"level":30,"msg":"page 4 edited by 1","time":"2015-12-14T14:23:37.399Z","v":0}
